[2026-02-25 13:20:51] [INFO] [reconstruction] timeline_built: Reconstructed timeline with 0 events
[2026-02-25 13:20:55] [FINDING] [residual_data] artifact_found: log_fragment: xsel.log (0 bytes)
[2026-02-25 13:21:05] [FINDING] [residual_data] artifact_found: cache_file: notices.cache (0 bytes)
[2026-02-25 13:21:05] [FINDING] [residual_data] artifact_found: cache_file: 3c9d068aa053e2a1c4313fe3391b7a8ee57c4fbd09c4e8aeae49ef333a740150.cache (199 bytes)
[2026-02-25 13:21:05] [FINDING] [residual_data] artifact_found: cache_file: 8c054ac91082b2ed4862701ed278dc96a78db796db69dedc296e13baab307527.cache (199 bytes)
[2026-02-25 13:21:05] [FINDING] [residual_data] artifact_found: cache_file: 47d7b47961c7ef585686e506e0813818f7258527b141037db64a28a755f7725b.cache (0 bytes)
[2026-02-25 13:21:06] [FINDING] [residual_data] artifact_found: log_fragment: idea.log (324224 bytes)
[2026-02-25 13:21:06] [FINDING] [residual_data] artifact_found: log_fragment: vpn-app.log (429735 bytes)
[2026-02-25 13:21:06] [FINDING] [residual_data] artifact_found: backup_file: user-places.xbel.bak (4416 bytes)
[2026-02-25 13:21:06] [FINDING] [residual_data] artifact_found: recent_registry: recently-used.xbel (172923 bytes)
[2026-02-25 13:21:06] [FINDING] [residual_data] artifact_found: log_fragment: errors.log (78 bytes)
[2026-02-25 13:21:06] [FINDING] [residual_data] artifact_found: log_fragment: home-9cd74fa6.log (32768 bytes)
[2026-02-25 13:21:06] [FINDING] [residual_data] artifact_found: log_fragment: wayland-session.log (0 bytes)
[2026-02-25 13:21:07] [FINDING] [residual_data] artifact_found: log_fragment: chrome_debug.log (53717 bytes)
[2026-02-25 13:21:07] [FINDING] [residual_data] artifact_found: log_fragment: 000003.log (46 bytes)
[2026-02-25 13:21:07] [FINDING] [residual_data] artifact_found: log_fragment: 000003.log (76 bytes)
[2026-02-25 13:21:07] [FINDING] [residual_data] artifact_found: log_fragment: 000003.log (0 bytes)
[2026-02-25 13:21:07] [FINDING] [residual_data] artifact_found: log_fragment: 000003.log (114 bytes)
[2026-02-25 13:21:07] [FINDING] [residual_data] artifact_found: log_fragment: 000003.log (1531 bytes)
[2026-02-25 13:21:07] [FINDING] [residual_data] artifact_found: log_fragment: 000003.log (31932 bytes)
[2026-02-25 13:21:07] [FINDING] [residual_data] artifact_found: log_fragment: 000003.log (32497 bytes)
[2026-02-25 13:21:07] [FINDING] [residual_data] artifact_found: log_fragment: 000003.log (38 bytes)
[2026-02-25 13:21:07] [FINDING] [residual_data] artifact_found: log_fragment: 000003.log (46007 bytes)
[2026-02-25 13:21:07] [FINDING] [residual_data] artifact_found: log_fragment: 000003.log (1378 bytes)
[2026-02-25 13:21:08] [FINDING] [residual_data] artifact_found: cache_file: mime.cache (137668 bytes)
[2026-02-25 13:21:08] [FINDING] [residual_data] artifact_found: cache_file: loaders.cache (2897 bytes)
[2026-02-25 13:21:08] [FINDING] [residual_data] artifact_found: cache_file: gconv-modules.cache (27000 bytes)
[2026-02-25 13:21:08] [FINDING] [residual_data] artifact_found: cache_file: giomodule.cache (39 bytes)
[2026-02-25 13:21:08] [FINDING] [residual_data] artifact_found: cache_file: immodules.cache (2142 bytes)
[2026-02-25 13:21:08] [FINDING] [residual_data] artifact_found: cache_file: immodules.cache (2186 bytes)
[2026-02-25 13:21:08] [FINDING] [residual_data] artifact_found: cache_file: loaders.cache (2923 bytes)
[2026-02-25 13:21:08] [FINDING] [residual_data] artifact_found: cache_file: gconv-modules.cache (27002 bytes)
[2026-02-25 13:21:08] [FINDING] [residual_data] artifact_found: cache_file: giomodule.cache (39 bytes)
[2026-02-25 13:21:08] [FINDING] [residual_data] artifact_found: cache_file: immodules.cache (2186 bytes)
[2026-02-25 13:21:08] [FINDING] [residual_data] artifact_found: cache_file: immodules.cache (2228 bytes)
[2026-02-25 13:21:08] [FINDING] [residual_data] artifact_found: cache_file: ld.so.cache (34761 bytes)
[2026-02-25 13:21:08] [FINDING] [residual_data] artifact_found: cache_file: mime.cache (137668 bytes)
[2026-02-25 13:21:09] [FINDING] [residual_data] artifact_found: cache_file: loaders.cache (2897 bytes)
[2026-02-25 13:21:09] [FINDING] [residual_data] artifact_found: cache_file: giomodule.cache (39 bytes)
[2026-02-25 13:21:09] [FINDING] [residual_data] artifact_found: cache_file: immodules.cache (2142 bytes)
[2026-02-25 13:21:09] [FINDING] [residual_data] artifact_found: cache_file: immodules.cache (2186 bytes)
[2026-02-25 13:21:09] [FINDING] [residual_data] artifact_found: cache_file: loaders.cache (2923 bytes)
[2026-02-25 13:21:09] [FINDING] [residual_data] artifact_found: cache_file: giomodule.cache (39 bytes)
[2026-02-25 13:21:09] [FINDING] [residual_data] artifact_found: cache_file: immodules.cache (2186 bytes)
[2026-02-25 13:21:09] [FINDING] [residual_data] artifact_found: cache_file: immodules.cache (2228 bytes)
[2026-02-25 13:21:09] [FINDING] [residual_data] artifact_found: cache_file: ld.so.cache (34761 bytes)
[2026-02-25 13:21:09] [FINDING] [residual_data] artifact_found: cache_file: mime.cache (137668 bytes)
[2026-02-25 13:21:09] [FINDING] [residual_data] artifact_found: cache_file: loaders.cache (2897 bytes)
[2026-02-25 13:21:09] [FINDING] [residual_data] artifact_found: cache_file: giomodule.cache (39 bytes)
[2026-02-25 13:21:09] [FINDING] [residual_data] artifact_found: cache_file: immodules.cache (2142 bytes)
[2026-02-25 13:21:09] [FINDING] [residual_data] artifact_found: cache_file: immodules.cache (2186 bytes)
[2026-02-25 13:21:09] [FINDING] [residual_data] artifact_found: cache_file: loaders.cache (2923 bytes)
[2026-02-25 13:21:10] [FINDING] [residual_data] artifact_found: cache_file: giomodule.cache (39 bytes)
[2026-02-25 13:21:10] [FINDING] [residual_data] artifact_found: cache_file: immodules.cache (2186 bytes)
[2026-02-25 13:21:10] [FINDING] [residual_data] artifact_found: cache_file: immodules.cache (2228 bytes)
[2026-02-25 13:21:10] [FINDING] [residual_data] artifact_found: cache_file: ld.so.cache (34761 bytes)
[2026-02-25 13:21:11] [FINDING] [residual_data] artifact_found: cache_file: mime.cache (137668 bytes)
[2026-02-25 13:21:11] [FINDING] [residual_data] artifact_found: cache_file: loaders.cache (2897 bytes)
[2026-02-25 13:21:11] [FINDING] [residual_data] artifact_found: cache_file: giomodule.cache (150 bytes)
[2026-02-25 13:21:11] [FINDING] [residual_data] artifact_found: cache_file: immodules.cache (2186 bytes)
[2026-02-25 13:21:11] [FINDING] [residual_data] artifact_found: cache_file: loaders.cache (2923 bytes)
[2026-02-25 13:21:11] [FINDING] [residual_data] artifact_found: cache_file: giomodule.cache (150 bytes)
[2026-02-25 13:21:11] [FINDING] [residual_data] artifact_found: cache_file: immodules.cache (2228 bytes)
[2026-02-25 13:21:11] [FINDING] [residual_data] artifact_found: cache_file: ld.so.cache (50617 bytes)
[2026-02-25 13:21:12] [FINDING] [residual_data] artifact_found: cache_file: mime.cache (137668 bytes)
[2026-02-25 13:21:12] [FINDING] [residual_data] artifact_found: cache_file: loaders.cache (2897 bytes)
[2026-02-25 13:21:12] [FINDING] [residual_data] artifact_found: cache_file: gconv-modules.cache (27000 bytes)
[2026-02-25 13:21:12] [FINDING] [residual_data] artifact_found: cache_file: giomodule.cache (150 bytes)
[2026-02-25 13:21:12] [FINDING] [residual_data] artifact_found: cache_file: immodules.cache (2186 bytes)
[2026-02-25 13:21:12] [FINDING] [residual_data] artifact_found: cache_file: loaders.cache (2923 bytes)
[2026-02-25 13:21:12] [FINDING] [residual_data] artifact_found: cache_file: gconv-modules.cache (27002 bytes)
[2026-02-25 13:21:12] [FINDING] [residual_data] artifact_found: cache_file: giomodule.cache (150 bytes)
[2026-02-25 13:21:12] [FINDING] [residual_data] artifact_found: cache_file: immodules.cache (2228 bytes)
[2026-02-25 13:21:12] [FINDING] [residual_data] artifact_found: cache_file: ld.so.cache (50617 bytes)
[2026-02-25 13:21:12] [FINDING] [residual_data] artifact_found: shortcut: Radmin VPN.lnk (553 bytes)
[2026-02-25 13:21:12] [FINDING] [residual_data] artifact_found: shortcut: Microsoft Threat Modeling Tool 2016.lnk (891 bytes)
[2026-02-25 13:21:25] [INFO] [system_metadata] metadata_collected: Collected metadata for 0 files in /home/naegleria/Desktop/TARE_proj/forensic_project/test_environment
[2026-02-25 13:21:42] [INFO] [browser_cache] simulation: Created Chrome History (8 entries)
[2026-02-25 13:21:42] [INFO] [browser_cache] simulation: Created Firefox places.json (8 entries)
[2026-02-25 13:21:42] [INFO] [browser_cache] simulation: Created Chrome Cookies (5 entries)
[2026-02-25 13:21:42] [INFO] [browser_cache] simulation: Created Firefox cookies.json
[2026-02-25 13:21:42] [INFO] [browser_cache] simulation: Cached (Chrome): https://mail.google.com/mail/inbox…
[2026-02-25 13:21:42] [INFO] [browser_cache] simulation: Cached (Chrome): https://banking.example.com/accounts…
[2026-02-25 13:21:42] [INFO] [browser_cache] simulation: Cached (Chrome): https://docs.python.org/3/library/os.html…
[2026-02-25 13:21:42] [INFO] [browser_cache] simulation: Cached (Firefox): https://mail.google.com/mail/inbox…
[2026-02-25 13:21:42] [INFO] [browser_cache] simulation: Cached (Firefox): https://banking.example.com/accounts…
[2026-02-25 13:21:42] [INFO] [browser_cache] simulation: Cached (Firefox): https://docs.python.org/3/library/os.html…
[2026-02-25 13:21:42] [INFO] [browser_cache] simulation: Simulation complete: 16 artifacts created
[2026-02-25 13:21:49] [FINDING] [browser_cache] artifacts_parsed: Parsed 32 browser artifacts
[2026-02-25 13:21:56] [INFO] [activity_simulation] file_created: Created text file: user_note_1.txt (295 bytes)
[2026-02-25 13:21:56] [INFO] [activity_simulation] file_created: Created text file: user_note_2.txt (240 bytes)
[2026-02-25 13:21:56] [INFO] [activity_simulation] file_created: Created text file: user_note_3.txt (212 bytes)
[2026-02-25 13:21:56] [INFO] [activity_simulation] file_created: Created text file: user_note_4.txt (147 bytes)
[2026-02-25 13:21:56] [INFO] [activity_simulation] file_created: Created text file: user_note_5.txt (235 bytes)
[2026-02-25 13:21:56] [INFO] [activity_simulation] file_created: Created document: confidential_review.doc (2976 bytes)
[2026-02-25 13:21:56] [INFO] [activity_simulation] file_created: Created image file: screenshot_desktop.png (1288 bytes)
[2026-02-25 13:21:56] [INFO] [activity_simulation] file_accessed: Read file: confidential_review.doc
[2026-02-25 13:21:56] [INFO] [activity_simulation] file_accessed: Read file: screenshot_desktop.png
[2026-02-25 13:21:56] [INFO] [activity_simulation] file_accessed: Read file: user_note_1.txt
[2026-02-25 13:21:56] [INFO] [activity_simulation] file_accessed: Read file: user_note_2.txt
[2026-02-25 13:21:56] [INFO] [activity_simulation] file_accessed: Read file: user_note_3.txt
[2026-02-25 13:21:56] [INFO] [activity_simulation] file_accessed: Read file: user_note_4.txt
[2026-02-25 13:21:56] [INFO] [activity_simulation] file_accessed: Read file: user_note_5.txt
[2026-02-25 13:21:56] [INFO] [activity_simulation] file_renamed: Renamed: user_note_1.txt → important_notes_FINAL.txt
[2026-02-25 13:21:56] [INFO] [activity_simulation] file_moved: Moved: user_note_2.txt → temp_files/moved_note.txt
[2026-02-25 13:21:56] [INFO] [activity_simulation] file_created: Created swap file: .user_note_3.txt.swp
[2026-02-25 13:21:56] [INFO] [activity_simulation] file_created: Created lock file: ~$confidential_review.doc
[2026-02-25 13:21:56] [INFO] [activity_simulation] file_created: Created recent-use log: recently_opened.log
[2026-02-25 13:21:56] [INFO] [activity_simulation] simulation_complete: Simulation finished — 19 actions recorded
[2026-02-25 13:37:58] [INFO] [browser_cache] simulation: Created Chrome History (8 entries)
[2026-02-25 13:37:58] [INFO] [browser_cache] simulation: Created Firefox places.json (8 entries)
[2026-02-25 13:37:58] [INFO] [browser_cache] simulation: Created Chrome Cookies (5 entries)
[2026-02-25 13:37:58] [INFO] [browser_cache] simulation: Created Firefox cookies.json
[2026-02-25 13:37:58] [INFO] [browser_cache] simulation: Cached (Chrome): https://mail.google.com/mail/inbox…
[2026-02-25 13:37:58] [INFO] [browser_cache] simulation: Cached (Chrome): https://banking.example.com/accounts…
[2026-02-25 13:37:58] [INFO] [browser_cache] simulation: Cached (Chrome): https://docs.python.org/3/library/os.html…
[2026-02-25 13:37:58] [INFO] [browser_cache] simulation: Cached (Firefox): https://mail.google.com/mail/inbox…
[2026-02-25 13:37:58] [INFO] [browser_cache] simulation: Cached (Firefox): https://banking.example.com/accounts…
[2026-02-25 13:37:58] [INFO] [browser_cache] simulation: Cached (Firefox): https://docs.python.org/3/library/os.html…
[2026-02-25 13:37:58] [INFO] [browser_cache] simulation: Simulation complete: 16 artifacts created
[2026-02-25 13:38:40] [FINDING] [browser_cache] artifacts_parsed: Parsed 32 browser artifacts
[2026-02-25 13:38:49] [INFO] [browser_cache] artifacts_deleted: Normal-deleted 10 browser artifact files
[2026-02-25 13:38:54] [FINDING] [browser_cache] artifacts_parsed: Parsed 0 browser artifacts
[2026-02-25 13:39:00] [INFO] [system_metadata] metadata_collected: Collected metadata for 10 files in /home/naegleria/Desktop/TARE_proj/forensic_project/test_environment
[2026-02-25 13:39:02] [INFO] [system_metadata] syslog_collected: Collected 50 system log lines (Linux)
[2026-02-25 13:39:08] [FINDING] [residual_data] artifact_found: swap_file: .user_note_3.txt.swp (145 bytes)
[2026-02-25 13:39:08] [FINDING] [residual_data] artifact_found: log_fragment: recently_opened.log (313 bytes)
[2026-02-25 13:39:08] [FINDING] [residual_data] artifact_found: office_lock: ~$confidential_review.doc (24 bytes)
[2026-02-25 13:39:08] [FINDING] [residual_data] artifact_found: swap_file: .user_note_3.txt.swp (145 bytes)
[2026-02-25 13:39:08] [FINDING] [residual_data] artifact_found: log_fragment: recently_opened.log (313 bytes)
[2026-02-25 13:39:08] [FINDING] [residual_data] artifact_found: office_lock: ~$confidential_review.doc (24 bytes)
[2026-02-25 13:39:08] [FINDING] [residual_data] artifact_found: log_fragment: xsel.log (0 bytes)
[2026-02-25 13:39:18] [FINDING] [residual_data] artifact_found: cache_file: notices.cache (0 bytes)
[2026-02-25 13:39:18] [FINDING] [residual_data] artifact_found: cache_file: 3c9d068aa053e2a1c4313fe3391b7a8ee57c4fbd09c4e8aeae49ef333a740150.cache (199 bytes)
[2026-02-25 13:39:18] [FINDING] [residual_data] artifact_found: cache_file: 8c054ac91082b2ed4862701ed278dc96a78db796db69dedc296e13baab307527.cache (199 bytes)
[2026-02-25 13:39:18] [FINDING] [residual_data] artifact_found: cache_file: 47d7b47961c7ef585686e506e0813818f7258527b141037db64a28a755f7725b.cache (0 bytes)
[2026-02-25 13:39:18] [FINDING] [residual_data] artifact_found: log_fragment: idea.log (324224 bytes)
[2026-02-25 13:39:19] [FINDING] [residual_data] artifact_found: log_fragment: vpn-app.log (429735 bytes)
[2026-02-25 13:39:19] [FINDING] [residual_data] artifact_found: backup_file: user-places.xbel.bak (4416 bytes)
[2026-02-25 13:39:19] [FINDING] [residual_data] artifact_found: recent_registry: recently-used.xbel (172923 bytes)
[2026-02-25 13:39:19] [FINDING] [residual_data] artifact_found: log_fragment: errors.log (78 bytes)
[2026-02-25 13:39:19] [FINDING] [residual_data] artifact_found: log_fragment: home-9cd74fa6.log (32768 bytes)
[2026-02-25 13:39:19] [FINDING] [residual_data] artifact_found: log_fragment: wayland-session.log (0 bytes)
[2026-02-25 13:39:20] [FINDING] [residual_data] artifact_found: log_fragment: chrome_debug.log (53717 bytes)
[2026-02-25 13:39:20] [FINDING] [residual_data] artifact_found: log_fragment: 000003.log (46 bytes)
[2026-02-25 13:39:20] [FINDING] [residual_data] artifact_found: log_fragment: 000003.log (76 bytes)
[2026-02-25 13:39:20] [FINDING] [residual_data] artifact_found: log_fragment: 000003.log (0 bytes)
[2026-02-25 13:39:20] [FINDING] [residual_data] artifact_found: log_fragment: 000003.log (114 bytes)
[2026-02-25 13:39:20] [FINDING] [residual_data] artifact_found: log_fragment: 000003.log (1531 bytes)
[2026-02-25 13:39:20] [FINDING] [residual_data] artifact_found: log_fragment: 000003.log (31932 bytes)
[2026-02-25 13:39:20] [FINDING] [residual_data] artifact_found: log_fragment: 000003.log (32497 bytes)
[2026-02-25 13:39:20] [FINDING] [residual_data] artifact_found: log_fragment: 000003.log (38 bytes)
[2026-02-25 13:39:20] [FINDING] [residual_data] artifact_found: log_fragment: 000003.log (46007 bytes)
[2026-02-25 13:39:20] [FINDING] [residual_data] artifact_found: log_fragment: 000003.log (1378 bytes)
[2026-02-25 13:39:20] [FINDING] [residual_data] artifact_found: cache_file: mime.cache (137668 bytes)
[2026-02-25 13:39:21] [FINDING] [residual_data] artifact_found: cache_file: loaders.cache (2897 bytes)
[2026-02-25 13:39:21] [FINDING] [residual_data] artifact_found: cache_file: gconv-modules.cache (27000 bytes)
[2026-02-25 13:39:21] [FINDING] [residual_data] artifact_found: cache_file: giomodule.cache (39 bytes)
[2026-02-25 13:39:21] [FINDING] [residual_data] artifact_found: cache_file: immodules.cache (2142 bytes)
[2026-02-25 13:39:21] [FINDING] [residual_data] artifact_found: cache_file: immodules.cache (2186 bytes)
[2026-02-25 13:39:21] [FINDING] [residual_data] artifact_found: cache_file: loaders.cache (2923 bytes)
[2026-02-25 13:39:21] [FINDING] [residual_data] artifact_found: cache_file: gconv-modules.cache (27002 bytes)
[2026-02-25 13:39:21] [FINDING] [residual_data] artifact_found: cache_file: giomodule.cache (39 bytes)
[2026-02-25 13:39:21] [FINDING] [residual_data] artifact_found: cache_file: immodules.cache (2186 bytes)
[2026-02-25 13:39:21] [FINDING] [residual_data] artifact_found: cache_file: immodules.cache (2228 bytes)
[2026-02-25 13:39:21] [FINDING] [residual_data] artifact_found: cache_file: ld.so.cache (34761 bytes)
[2026-02-25 13:39:21] [FINDING] [residual_data] artifact_found: cache_file: mime.cache (137668 bytes)
[2026-02-25 13:39:21] [FINDING] [residual_data] artifact_found: cache_file: loaders.cache (2897 bytes)
[2026-02-25 13:39:21] [FINDING] [residual_data] artifact_found: cache_file: giomodule.cache (39 bytes)
[2026-02-25 13:39:21] [FINDING] [residual_data] artifact_found: cache_file: immodules.cache (2142 bytes)
[2026-02-25 13:39:21] [FINDING] [residual_data] artifact_found: cache_file: immodules.cache (2186 bytes)
[2026-02-25 13:39:21] [FINDING] [residual_data] artifact_found: cache_file: loaders.cache (2923 bytes)
[2026-02-25 13:39:21] [FINDING] [residual_data] artifact_found: cache_file: giomodule.cache (39 bytes)
[2026-02-25 13:39:21] [FINDING] [residual_data] artifact_found: cache_file: immodules.cache (2186 bytes)
[2026-02-25 13:39:21] [FINDING] [residual_data] artifact_found: cache_file: immodules.cache (2228 bytes)
[2026-02-25 13:39:21] [FINDING] [residual_data] artifact_found: cache_file: ld.so.cache (34761 bytes)
[2026-02-25 13:39:22] [FINDING] [residual_data] artifact_found: cache_file: mime.cache (137668 bytes)
[2026-02-25 13:39:22] [FINDING] [residual_data] artifact_found: cache_file: loaders.cache (2897 bytes)
[2026-02-25 13:39:22] [FINDING] [residual_data] artifact_found: cache_file: giomodule.cache (39 bytes)
[2026-02-25 13:39:22] [FINDING] [residual_data] artifact_found: cache_file: immodules.cache (2142 bytes)
[2026-02-25 13:39:22] [FINDING] [residual_data] artifact_found: cache_file: immodules.cache (2186 bytes)
[2026-02-25 13:39:22] [FINDING] [residual_data] artifact_found: cache_file: loaders.cache (2923 bytes)
[2026-02-25 13:39:22] [FINDING] [residual_data] artifact_found: cache_file: giomodule.cache (39 bytes)
[2026-02-25 13:39:22] [FINDING] [residual_data] artifact_found: cache_file: immodules.cache (2186 bytes)
[2026-02-25 13:39:22] [FINDING] [residual_data] artifact_found: cache_file: immodules.cache (2228 bytes)
[2026-02-25 13:39:22] [FINDING] [residual_data] artifact_found: cache_file: ld.so.cache (34761 bytes)
[2026-02-25 13:39:23] [FINDING] [residual_data] artifact_found: cache_file: mime.cache (137668 bytes)
[2026-02-25 13:39:24] [FINDING] [residual_data] artifact_found: cache_file: loaders.cache (2897 bytes)
[2026-02-25 13:39:24] [FINDING] [residual_data] artifact_found: cache_file: giomodule.cache (150 bytes)
[2026-02-25 13:39:24] [FINDING] [residual_data] artifact_found: cache_file: immodules.cache (2186 bytes)
[2026-02-25 13:39:24] [FINDING] [residual_data] artifact_found: cache_file: loaders.cache (2923 bytes)
[2026-02-25 13:39:24] [FINDING] [residual_data] artifact_found: cache_file: giomodule.cache (150 bytes)
[2026-02-25 13:39:24] [FINDING] [residual_data] artifact_found: cache_file: immodules.cache (2228 bytes)
[2026-02-25 13:39:24] [FINDING] [residual_data] artifact_found: cache_file: ld.so.cache (50617 bytes)
[2026-02-25 13:39:24] [FINDING] [residual_data] artifact_found: cache_file: mime.cache (137668 bytes)
[2026-02-25 13:39:24] [FINDING] [residual_data] artifact_found: cache_file: loaders.cache (2897 bytes)
[2026-02-25 13:39:24] [FINDING] [residual_data] artifact_found: cache_file: gconv-modules.cache (27000 bytes)
[2026-02-25 13:39:24] [FINDING] [residual_data] artifact_found: cache_file: giomodule.cache (150 bytes)
[2026-02-25 13:39:24] [FINDING] [residual_data] artifact_found: cache_file: immodules.cache (2186 bytes)
[2026-02-25 13:39:24] [FINDING] [residual_data] artifact_found: cache_file: loaders.cache (2923 bytes)
[2026-02-25 13:39:24] [FINDING] [residual_data] artifact_found: cache_file: gconv-modules.cache (27002 bytes)
[2026-02-25 13:39:24] [FINDING] [residual_data] artifact_found: cache_file: giomodule.cache (150 bytes)
[2026-02-25 13:39:24] [FINDING] [residual_data] artifact_found: cache_file: immodules.cache (2228 bytes)
[2026-02-25 13:39:25] [FINDING] [residual_data] artifact_found: cache_file: ld.so.cache (50617 bytes)
[2026-02-25 13:39:25] [FINDING] [residual_data] artifact_found: shortcut: Radmin VPN.lnk (553 bytes)
[2026-02-25 13:39:25] [FINDING] [residual_data] artifact_found: shortcut: Microsoft Threat Modeling Tool 2016.lnk (891 bytes)
[2026-02-25 13:39:33] [INFO] [reconstruction] timeline_built: Reconstructed timeline with 329 events
[2026-02-25 13:42:18] [INFO] [reconstruction] timeline_built: Reconstructed timeline with 234 events
[2026-02-25 14:10:32] [INFO] [activity_simulation] file_created: Created text file: user_note_1.txt (59 bytes)
[2026-02-25 14:10:32] [INFO] [activity_simulation] file_created: Created text file: user_note_2.txt (48 bytes)
[2026-02-25 14:10:32] [INFO] [activity_simulation] file_created: Created text file: user_note_3.txt (265 bytes)
[2026-02-25 14:10:32] [INFO] [activity_simulation] file_created: Created text file: user_note_4.txt (49 bytes)
[2026-02-25 14:10:32] [INFO] [activity_simulation] file_created: Created text file: user_note_5.txt (235 bytes)
[2026-02-25 14:10:32] [INFO] [activity_simulation] file_created: Created document: confidential_review.doc (2976 bytes)
[2026-02-25 14:10:32] [INFO] [activity_simulation] file_created: Created image file: screenshot_desktop.png (1288 bytes)
[2026-02-25 14:10:32] [INFO] [activity_simulation] file_accessed: Read file: confidential_review.doc
[2026-02-25 14:10:32] [INFO] [activity_simulation] file_accessed: Read file: important_notes_FINAL.txt
[2026-02-25 14:10:32] [INFO] [activity_simulation] file_accessed: Read file: screenshot_desktop.png
[2026-02-25 14:10:32] [INFO] [activity_simulation] file_accessed: Read file: user_note_1.txt
[2026-02-25 14:10:32] [INFO] [activity_simulation] file_accessed: Read file: user_note_2.txt
[2026-02-25 14:10:32] [INFO] [activity_simulation] file_accessed: Read file: user_note_3.txt
[2026-02-25 14:10:32] [INFO] [activity_simulation] file_accessed: Read file: user_note_4.txt
[2026-02-25 14:10:32] [INFO] [activity_simulation] file_accessed: Read file: user_note_5.txt
[2026-02-25 14:10:32] [INFO] [activity_simulation] file_renamed: Renamed: user_note_1.txt → important_notes_FINAL.txt
[2026-02-25 14:10:32] [INFO] [activity_simulation] file_moved: Moved: user_note_2.txt → temp_files/moved_note.txt
[2026-02-25 14:10:32] [INFO] [activity_simulation] file_created: Created swap file: .user_note_3.txt.swp
[2026-02-25 14:10:32] [INFO] [activity_simulation] file_created: Created lock file: ~$confidential_review.doc
[2026-02-25 14:10:32] [INFO] [activity_simulation] file_created: Created recent-use log: recently_opened.log
[2026-02-25 14:10:32] [INFO] [activity_simulation] simulation_complete: Simulation finished — 20 actions recorded
[2026-02-25 14:11:17] [FINDING] [recovery_verification] recovery_check: .user_note_3.txt.swp: method=normal, recoverable=True, risk=HIGH
[2026-02-25 14:12:09] [FINDING] [recovery_verification] recovery_check: .user_note_3.txt.swp: method=normal, recoverable=True, risk=HIGH
[2026-02-25 14:16:43] [FINDING] [recovery_verification] recovery_check: moved_note.txt: method=permanent, recoverable=True, risk=MEDIUM
